Build started 7/5/2016 9:30:39 AM.
     1>Project "F:\MRND-Summer\MessageStore3\MessageStore3\MessageStore3.vcxproj" on node 2 (Build target(s)).
     1>ClCompile:
         C:\Program Files (x86)\Microsoft Visual Studio 12.0\VC\bin\CL.exe /c /ZI /nologo /W3 /WX- /sdl /Od /Oy- /D _MBCS /Gm /EHsc /RTC1 /MDd /GS /fp:precise /Zc:wchar_t /Zc:forScope /Fo"Debug\\" /Fd"Debug\vc120.pdb" /Gd /TP /analyze- /errorReport:prompt MessageStore.cpp
         MessageStore.cpp
     1>f:\mrnd-summer\messagestore3\messagestore3\messagestore.cpp(96): warning C4101: 'vector' : unreferenced local variable
     1>f:\mrnd-summer\messagestore3\messagestore3\messagestore.cpp(242): warning C4101: 'category_offset' : unreferenced local variable
     1>f:\mrnd-summer\messagestore3\messagestore3\messagestore.cpp(263): warning C4101: 'message_id' : unreferenced local variable
     1>f:\mrnd-summer\messagestore3\messagestore3\messagestore.cpp(239): warning C4101: 'category_count' : unreferenced local variable
     1>f:\mrnd-summer\messagestore3\messagestore3\messagestore.cpp(240): warning C4101: 'message' : unreferenced local variable
     1>f:\mrnd-summer\messagestore3\messagestore3\messagestore.cpp(264): warning C4101: 'flag' : unreferenced local variable
     1>f:\mrnd-summer\messagestore3\messagestore3\messagestore.cpp(431): warning C4101: 'message_created_at' : unreferenced local variable
     1>f:\mrnd-summer\messagestore3\messagestore3\messagestore.cpp(430): warning C4101: 'in_categories_messages' : unreferenced local variable
     1>f:\mrnd-summer\messagestore3\messagestore3\messagestore.cpp(214): warning C4715: 'GetMessage' : not all control paths return a value
       Link:
         C:\Program Files (x86)\Microsoft Visual Studio 12.0\VC\bin\link.exe /ERRORREPORT:PROMPT /OUT:"F:\MRND-Summer\MessageStore3\Debug\MessageStore3.exe" /INCREMENTAL /NOLOGO kernel32.lib user32.lib gdi32.lib winspool.lib comdlg32.lib advapi32.lib shell32.lib ole32.lib oleaut32.lib uuid.lib odbc32.lib odbccp32.lib /MANIFEST /MANIFESTUAC:"level='asInvoker' uiAccess='false'" /manifest:embed /DEBUG /PDB:"F:\MRND-Summer\MessageStore3\Debug\MessageStore3.pdb" /TLBID:1 /DYNAMICBASE /NXCOMPAT /IMPLIB:"F:\MRND-Summer\MessageStore3\Debug\MessageStore3.lib" /MACHINE:X86 Debug\MessageStore.obj
         MessageStore3.vcxproj -> F:\MRND-Summer\MessageStore3\Debug\MessageStore3.exe
     1>Done Building Project "F:\MRND-Summer\MessageStore3\MessageStore3\MessageStore3.vcxproj" (Build target(s)).

Build succeeded.

Time Elapsed 00:00:06.09
